<?xml version="1.0" encoding="UTF-8"?>
<!-- Generated by org.testng.reporters.JUnitReportReporter -->
<testsuite hostname="DESKTOP-VFBKQ2T" failures="0" tests="1" name="task.Testcase" time="151.312" errors="0" timestamp="2023-02-27T17:19:47 IST" skipped="0">
  <testcase classname="task.Testcase" name="test" time="151.312"/>
  <system-out>
    <![CDATA[Browser opened and application Launched
Successfully Loged-in
Personal Data Filled
Successfully got Student Details
Fee Collection successfully done and Receipt is generated]]>
  </system-out>
</testsuite> <!-- task.Testcase -->
